Removed Pin From Net: NetName=GND Pin=C2-2
Removed Pin From Net: NetName=GND Pin=C7-2
Removed Pin From Net: NetName=NetC13_2 Pin=G2-3
Removed Pin From Net: NetName=GND Pin=U2-5
Change Component Footprint: Designator=R41 Old Footprint=RESC1005X40X25ML05T05 New Footprint=RESC1005X40X25ML05T05
Change Component Footprint: Designator=R42 Old Footprint=RESC1005X40X25ML05T05 New Footprint=RESC1005X40X25ML05T05
Change Component Footprint: Designator=R43 Old Footprint=RESC1005X40X25ML05T05 New Footprint=RESC1005X40X25ML05T05
Change Component Footprint: Designator=R44 Old Footprint=RESC1005X40X25ML05T05 New Footprint=RESC1005X40X25ML05T05
Change Component Footprint: Designator=R45 Old Footprint=RESC1005X40X25ML05T05 New Footprint=RESC1005X40X25ML05T05
Change Component Footprint: Designator=R46 Old Footprint=RESC1005X40X25ML05T05 New Footprint=RESC1005X40X25ML05T05
Change Component Footprint: Designator=R47 Old Footprint=RESC1005X40X25ML05T05 New Footprint=RESC1005X40X25ML05T05
Change Component Footprint: Designator=R48 Old Footprint=RESC1005X40X25ML05T05 New Footprint=RESC1005X40X25ML05T05
Change Component Footprint: Designator=R49 Old Footprint=RESC1005X40X25ML05T05 New Footprint=RESC1005X40X25ML05T05
Change Component Footprint: Designator=R50 Old Footprint=RESC1005X40X25ML05T05 New Footprint=RESC1005X40X25ML05T05
Change Component Footprint: Designator=R51 Old Footprint=RESC1005X40X25ML05T05 New Footprint=RESC1005X40X25ML05T05
Change Component Footprint: Designator=R52 Old Footprint=RESC1005X40X25ML05T05 New Footprint=RESC1005X40X25ML05T05
Change Component Footprint: Designator=R53 Old Footprint=RESC1005X40X25ML05T05 New Footprint=RESC1005X40X25ML05T05
Change Component Footprint: Designator=R54 Old Footprint=RESC1005X40X25ML05T05 New Footprint=RESC1005X40X25ML05T05
Change Component Footprint: Designator=R55 Old Footprint=RESC1005X40X25ML05T05 New Footprint=RESC1005X40X25ML05T05
Change Component Footprint: Designator=R56 Old Footprint=RESC1005X40X25ML05T05 New Footprint=RESC1005X40X25ML05T05
Change Component Footprint: Designator=R57 Old Footprint=RESC1005X40X25ML05T05 New Footprint=RESC1005X40X25ML05T05
Change Component Footprint: Designator=R58 Old Footprint=RESC1005X40X25ML05T05 New Footprint=RESC1005X40X25ML05T05
Change Component Footprint: Designator=R59 Old Footprint=RESC1005X40X25ML05T05 New Footprint=RESC1005X40X25ML05T05
Change Component Footprint: Designator=R60 Old Footprint=RESC1005X40X25ML05T05 New Footprint=RESC1005X40X25ML05T05
Change Component Footprint: Designator=R61 Old Footprint=RESC1005X40X25ML05T05 New Footprint=RESC1005X40X25ML05T05
Change Component Footprint: Designator=R62 Old Footprint=RESC1005X40X25ML05T05 New Footprint=RESC1005X40X25ML05T05
Change Component Footprint: Designator=R63 Old Footprint=RESC1005X40X25ML05T05 New Footprint=RESC1005X40X25ML05T05
Change Component Footprint: Designator=R Old Footprint=RESC1005X40X25ML05T05 New Footprint=RESC1005X40X25ML05T05
Added Pin To Net: NetName=NetC13_2 Pin=C2-2
Added Pin To Net: NetName=NetC13_2 Pin=C7-2
Change Net Name : Old Net Name=NetC13_2 New Net Name=NetC2_2
Added Pin To Net: NetName=NetG2_3 Pin=G2-3
Added Pin To Net: NetName=NetG2_3 Pin=U2-5
Added Net: Name=NetG2_3
